<?xml version="1.0" encoding="UTF-8"?>
<testsuite name="kr.co.fastcampus.eatgo.EatgoApplicationTests" tests="1" skipped="0" failures="0" errors="0" timestamp="2021-03-22T05:51:54" hostname="DESKTOP-7L16AK1" time="0.544">
  <properties/>
  <testcase name="contextLoads()" classname="kr.co.fastcampus.eatgo.EatgoApplicationTests" time="0.544"/>
  <system-out><![CDATA[14:51:50.713 [Test worker] DEBUG org.springframework.test.context.BootstrapUtils - Instantiating CacheAwareContextLoaderDelegate from class [org.springframework.test.context.cache.DefaultCacheAwareContextLoaderDelegate]
14:51:50.734 [Test worker] DEBUG org.springframework.test.context.BootstrapUtils - Instantiating BootstrapContext using constructor [public org.springframework.test.context.support.DefaultBootstrapContext(java.lang.Class,org.springframework.test.context.CacheAwareContextLoaderDelegate)]
14:51:50.781 [Test worker] DEBUG org.springframework.test.context.BootstrapUtils - Instantiating TestContextBootstrapper for test class [kr.co.fastcampus.eatgo.EatgoApplicationTests] from class [org.springframework.boot.test.context.SpringBootTestContextBootstrapper]
14:51:50.799 [Test worker] INFO org.springframework.boot.test.context.SpringBootTestContextBootstrapper - Neither @ContextConfiguration nor @ContextHierarchy found for test class [kr.co.fastcampus.eatgo.EatgoApplicationTests], using SpringBootContextLoader
14:51:50.806 [Test worker] DEBUG org.springframework.test.context.support.AbstractContextLoader - Did not detect default resource location for test class [kr.co.fastcampus.eatgo.EatgoApplicationTests]: class path resource [kr/co/fastcampus/eatgo/EatgoApplicationTests-context.xml] does not exist
14:51:50.807 [Test worker] DEBUG org.springframework.test.context.support.AbstractContextLoader - Did not detect default resource location for test class [kr.co.fastcampus.eatgo.EatgoApplicationTests]: class path resource [kr/co/fastcampus/eatgo/EatgoApplicationTestsContext.groovy] does not exist
14:51:50.807 [Test worker] INFO org.springframework.test.context.support.AbstractContextLoader - Could not detect default resource locations for test class [kr.co.fastcampus.eatgo.EatgoApplicationTests]: no resource found for suffixes {-context.xml, Context.groovy}.
14:51:50.808 [Test worker] INFO org.springframework.test.context.support.AnnotationConfigContextLoaderUtils - Could not detect default configuration classes for test class [kr.co.fastcampus.eatgo.EatgoApplicationTests]: EatgoApplicationTests does not declare any static, non-private, non-final, nested classes annotated with @Configuration.
14:51:50.870 [Test worker] DEBUG org.springframework.test.context.support.ActiveProfilesUtils - Could not find an 'annotation declaring class' for annotation type [org.springframework.test.context.ActiveProfiles] and class [kr.co.fastcampus.eatgo.EatgoApplicationTests]
14:51:50.963 [Test worker] DEBUG org.springframework.context.annotation.ClassPathScanningCandidateComponentProvider - Identified candidate component class: file [C:\Spring\eatgo-api\build\classes\java\main\kr\co\fastcampus\eatgo\EatgoApplication.class]
14:51:50.966 [Test worker] INFO org.springframework.boot.test.context.SpringBootTestContextBootstrapper - Found @SpringBootConfiguration kr.co.fastcampus.eatgo.EatgoApplication for test class kr.co.fastcampus.eatgo.EatgoApplicationTests
14:51:51.141 [Test worker] DEBUG org.springframework.boot.test.context.SpringBootTestContextBootstrapper - @TestExecutionListeners is not present for class [kr.co.fastcampus.eatgo.EatgoApplicationTests]: using defaults.
14:51:51.142 [Test worker] INFO org.springframework.boot.test.context.SpringBootTestContextBootstrapper - Loaded default TestExecutionListener class names from location [META-INF/spring.factories]: [org.springframework.boot.test.autoconfigure.restdocs.RestDocsTestExecutionListener, org.springframework.boot.test.autoconfigure.web.client.MockRestServiceServerResetTestExecutionListener, org.springframework.boot.test.autoconfigure.web.servlet.MockMvcPrintOnlyOnFailureTestExecutionListener, org.springframework.boot.test.autoconfigure.web.servlet.WebDriverTestExecutionListener, org.springframework.boot.test.autoconfigure.webservices.client.MockWebServiceServerTestExecutionListener, org.springframework.boot.test.mock.mockito.MockitoTestExecutionListener, org.springframework.boot.test.mock.mockito.ResetMocksTestExecutionListener, org.springframework.test.context.web.ServletTestExecutionListener, org.springframework.test.context.support.DirtiesContextBeforeModesTestExecutionListener, org.springframework.test.context.event.ApplicationEventsTestExecutionListener, org.springframework.test.context.support.DependencyInjectionTestExecutionListener, org.springframework.test.context.support.DirtiesContextTestExecutionListener, org.springframework.test.context.transaction.TransactionalTestExecutionListener, org.springframework.test.context.jdbc.SqlScriptsTestExecutionListener, org.springframework.test.context.event.EventPublishingTestExecutionListener]
14:51:51.163 [Test worker] DEBUG org.springframework.boot.test.context.SpringBootTestContextBootstrapper - Skipping candidate TestExecutionListener [org.springframework.test.context.transaction.TransactionalTestExecutionListener] due to a missing dependency. Specify custom listener classes or make the default listener classes and their required dependencies available. Offending class: [org/springframework/transaction/interceptor/TransactionAttributeSource]
14:51:51.164 [Test worker] DEBUG org.springframework.boot.test.context.SpringBootTestContextBootstrapper - Skipping candidate TestExecutionListener [org.springframework.test.context.jdbc.SqlScriptsTestExecutionListener] due to a missing dependency. Specify custom listener classes or make the default listener classes and their required dependencies available. Offending class: [org/springframework/transaction/interceptor/TransactionAttribute]
14:51:51.165 [Test worker] INFO org.springframework.boot.test.context.SpringBootTestContextBootstrapper - Using TestExecutionListeners: [org.springframework.test.context.web.ServletTestExecutionListener@5beda079, org.springframework.test.context.support.DirtiesContextBeforeModesTestExecutionListener@51894679, org.springframework.test.context.event.ApplicationEventsTestExecutionListener@65c771f0, org.springframework.boot.test.mock.mockito.MockitoTestExecutionListener@69e758ec, org.springframework.boot.test.autoconfigure.SpringBootDependencyInjectionTestExecutionListener@5fbfd3c1, org.springframework.test.context.support.DirtiesContextTestExecutionListener@441efcc1, org.springframework.test.context.event.EventPublishingTestExecutionListener@1a885d43, org.springframework.boot.test.autoconfigure.restdocs.RestDocsTestExecutionListener@49fb46c6, org.springframework.boot.test.autoconfigure.web.client.MockRestServiceServerResetTestExecutionListener@68fbb5e3, org.springframework.boot.test.autoconfigure.web.servlet.MockMvcPrintOnlyOnFailureTestExecutionListener@5b30b4c9, org.springframework.boot.test.autoconfigure.web.servlet.WebDriverTestExecutionListener@30a98a9, org.springframework.boot.test.autoconfigure.webservices.client.MockWebServiceServerTestExecutionListener@10542378, org.springframework.boot.test.mock.mockito.ResetMocksTestExecutionListener@25b5c83c]
14:51:51.171 [Test worker] DEBUG org.springframework.test.context.support.AbstractDirtiesContextTestExecutionListener - Before test class: context [DefaultTestContext@5aa0e7af testClass = EatgoApplicationTests, testInstance = [null], testMethod = [null], testException = [null], mergedContextConfiguration = [WebMergedContextConfiguration@225ac0e1 testClass = EatgoApplicationTests, locations = '{}', classes = '{class kr.co.fastcampus.eatgo.EatgoApplication}', contextInitializerClasses = '[]', activeProfiles = '{}', propertySourceLocations = '{}', propertySourceProperties = '{org.springframework.boot.test.context.SpringBootTestContextBootstrapper=true}', contextCustomizers = set[org.springframework.boot.test.autoconfigure.actuate.metrics.MetricsExportContextCustomizerFactory$DisableMetricExportContextCustomizer@e99f6fd, org.springframework.boot.test.autoconfigure.properties.PropertyMappingContextCustomizer@0, org.springframework.boot.test.autoconfigure.web.servlet.WebDriverContextCustomizerFactory$Customizer@2f1b0519, org.springframework.boot.test.context.filter.ExcludeFilterContextCustomizer@19184b1d, org.springframework.boot.test.json.DuplicateJsonObjectContextCustomizerFactory$DuplicateJsonObjectContextCustomizer@61e81762, org.springframework.boot.test.mock.mockito.MockitoContextCustomizer@0, org.springframework.boot.test.web.client.TestRestTemplateContextCustomizer@6f7cc555, org.springframework.boot.test.context.SpringBootTestArgs@1, org.springframework.boot.test.context.SpringBootTestWebEnvironment@16f6d094], resourceBasePath = 'src/main/webapp', contextLoader = 'org.springframework.boot.test.context.SpringBootContextLoader', parent = [null]], attributes = map['org.springframework.test.context.web.ServletTestExecutionListener.activateListener' -> true]], class annotated with @DirtiesContext [false] with mode [null].
14:51:51.236 [Test worker] DEBUG org.springframework.test.context.support.TestPropertySourceUtils - Adding inlined properties to environment: {spring.jmx.enabled=false, org.springframework.boot.test.context.SpringBootTestContextBootstrapper=true}

  .   ____          _            __ _ _
 /\\ / ___'_ __ _ _(_)_ __  __ _ \ \ \ \
( ( )\___ | '_ | '_| | '_ \/ _` | \ \ \ \
 \\/  ___)| |_)| | | | | || (_| |  ) ) ) )
  '  |____| .__|_| |_|_| |_\__, | / / / /
 =========|_|==============|___/=/_/_/_/
 :: Spring Boot ::                (v2.4.4)

2021-03-22 14:51:51.648  INFO 10420 --- [    Test worker] k.c.f.eatgo.EatgoApplicationTests        : Starting EatgoApplicationTests using Java 11.0.10 on DESKTOP-7L16AK1 with PID 10420 (started by wlrhk in C:\Spring\eatgo-api)
2021-03-22 14:51:51.652  INFO 10420 --- [    Test worker] k.c.f.eatgo.EatgoApplicationTests        : No active profile set, falling back to default profiles: default
2021-03-22 14:51:53.465  INFO 10420 --- [    Test worker] o.s.s.concurrent.ThreadPoolTaskExecutor  : Initializing ExecutorService 'applicationTaskExecutor'
2021-03-22 14:51:53.977  INFO 10420 --- [    Test worker] k.c.f.eatgo.EatgoApplicationTests        : Started EatgoApplicationTests in 2.726 seconds (JVM running for 4.934)
]]></system-out>
  <system-err><![CDATA[]]></system-err>
</testsuite>
